
2014-12-25 08:50:02
IP - 193.0.129.217

111 sec.


2014-12-25 09:50:01
IP - 91.234.255.207

127 sec.


2014-12-25 11:50:01
IP - 91.215.137.240

43 sec.


2014-12-25 12:50:01
IP - 91.238.82.253
error<br>exception 'Zend_Http_Client_Exception' with message 'Unable to read response, or response is empty' in /var/www/iforget/data/www/iforget.ru/includes/phpQuery/phpQuery/Zend/Http/Client.php:836
Stack trace:
#0 /var/www/iforget/data/www/iforget.ru/includes/phpQuery/phpQuery.php(832): Zend_Http_Client->request()
#1 /var/www/iforget/data/www/iforget.ru/includes/gt_functions.php(377): phpQuery::ajax(Array, Object(Zend_Http_Client), true)
#2 [internal function]: etJsTaskPlaceCallback('{"sEcho":"2","i...', 200, Array)
#3 /var/www/iforget/data/www/iforget.ru/includes/phpQuery/phpQuery.php(1113): call_user_func_array('etJsTaskPlaceCa...', Array)
#4 /var/www/iforget/data/www/iforget.ru/includes/phpQuery/phpQuery.php(843): phpQuery::callbackRun('etJsTaskPlaceCa...', Array)
#5 /var/www/iforget/data/www/iforget.ru/includes/gt_functions.php(377): phpQuery::ajax(Array, Object(Zend_Http_Client), true)
#6 [internal function]: etJsTaskPlaceCallback('{"sEcho":"2","i...', 200, Array)
#7 /var/www/iforget/data/www/iforget.ru/includes/phpQuery/phpQuery.php(1113): call_user_func_array('etJsTaskPlaceCa...', Array)
#8 /var/www/iforget/data/www/iforget.ru/includes/phpQuery/phpQuery.php(843): phpQuery::callbackRun('etJsTaskPlaceCa...', Array)
#9 /var/www/iforget/data/www/iforget.ru/includes/gt_functions.php(377): phpQuery::ajax(Array, Object(Zend_Http_Client), true)
#10 [internal function]: etJsTaskPlaceCallback('{"sEcho":"2","i...', 200, Array)
#11 /var/www/iforget/data/www/iforget.ru/includes/phpQuery/phpQuery.php(1113): call_user_func_array('etJsTaskPlaceCa...', Array)
#12 /var/www/iforget/data/www/iforget.ru/includes/phpQuery/phpQuery.php(843): phpQuery::callbackRun('etJsTaskPlaceCa...', Array)
#13 /var/www/iforget/data/www/iforget.ru/includes/gt_functions.php(377): phpQuery::ajax(Array, Object(Zend_Http_Client), true)
#14 [internal function]: etJsTaskPlaceCallback('{"sEcho":"2","i...', 200, Array)
#15 /var/www/iforget/data/www/iforget.ru/includes/phpQuery/phpQuery.php(1113): call_user_func_array('etJsTaskPlaceCa...', Array)
#16 /var/www/iforget/data/www/iforget.ru/includes/phpQuery/phpQuery.php(843): phpQuery::callbackRun('etJsTaskPlaceCa...', Array)
#17 /var/www/iforget/data/www/iforget.ru/includes/gt_functions.php(377): phpQuery::ajax(Array, Object(Zend_Http_Client), true)
#18 [internal function]: etJsTaskPlaceCallback('{"sEcho":"2","i...', 200, Array)
#19 /var/www/iforget/data/www/iforget.ru/includes/phpQuery/phpQuery.php(1113): call_user_func_array('etJsTaskPlaceCa...', Array)
#20 /var/www/iforget/data/www/iforget.ru/includes/phpQuery/phpQuery.php(843): phpQuery::callbackRun('etJsTaskPlaceCa...', Array)
#21 /var/www/iforget/data/www/iforget.ru/includes/gt_functions.php(377): phpQuery::ajax(Array, Object(Zend_Http_Client), true)
#22 [internal function]: etJsTaskPlaceCallback('{"sEcho":"2","i...', 200, Array)
#23 /var/www/iforget/data/www/iforget.ru/includes/phpQuery/phpQuery.php(1113): call_user_func_array('etJsTaskPlaceCa...', Array)
#24 /var/www/iforget/data/www/iforget.ru/includes/phpQuery/phpQuery.php(843): phpQuery::callbackRun('etJsTaskPlaceCa...', Array)
#25 /var/www/iforget/data/www/iforget.ru/includes/gt_functions.php(377): phpQuery::ajax(Array, Object(Zend_Http_Client), true)
#26 [internal function]: etJsTaskPlaceCallback('{"sEcho":"2","i...', 200, Array)
#27 /var/www/iforget/data/www/iforget.ru/includes/phpQuery/phpQuery.php(1113): call_user_func_array('etJsTaskPlaceCa...', Array)
#28 /var/www/iforget/data/www/iforget.ru/includes/phpQuery/phpQuery.php(843): phpQuery::callbackRun('etJsTaskPlaceCa...', Array)
#29 /var/www/iforget/data/www/iforget.ru/includes/gt_functions.php(377): phpQuery::ajax(Array, Object(Zend_Http_Client), true)
#30 [internal function]: etJsTaskPlaceCallback('{"sEcho":"2","i...', 200, Array)
#31 /var/www/iforget/data/www/iforget.ru/includes/phpQuery/phpQuery.php(1113): call_user_func_array('etJsTaskPlaceCa...', Array)
#32 /var/www/iforget/data/www/iforget.ru/includes/phpQuery/phpQuery.php(843): phpQuery::callbackRun('etJsTaskPlaceCa...', Array)
#33 /var/www/iforget/data/www/iforget.ru/includes/gt_functions.php(377): phpQuery::ajax(Array, Object(Zend_Http_Client), true)
#34 [internal function]: etJsTaskPlaceCallback('{"sEcho":"2","i...', 200, Array)
#35 /var/www/iforget/data/www/iforget.ru/includes/phpQuery/phpQuery.php(1113): call_user_func_array('etJsTaskPlaceCa...', Array)
#36 /var/www/iforget/data/www/iforget.ru/includes/phpQuery/phpQuery.php(843): phpQuery::callbackRun('etJsTaskPlaceCa...', Array)
#37 /var/www/iforget/data/www/iforget.ru/includes/gt_functions.php(377): phpQuery::ajax(Array, Object(Zend_Http_Client), true)
#38 [internal function]: etJsTaskPlaceCallback('{"sEcho":"2","i...', 200, Array)
#39 /var/www/iforget/data/www/iforget.ru/includes/phpQuery/phpQuery.php(1113): call_user_func_array('etJsTaskPlaceCa...', Array)
#40 /var/www/iforget/data/www/iforget.ru/includes/phpQuery/phpQuery.php(843): phpQuery::callbackRun('etJsTaskPlaceCa...', Array)
#41 /var/www/iforget/data/www/iforget.ru/includes/gt_functions.php(377): phpQuery::ajax(Array, Object(Zend_Http_Client), true)
#42 [internal function]: etJsTaskPlaceCallback('{"sEcho":"2","i...', 200, Array)
#43 /var/www/iforget/data/www/iforget.ru/includes/phpQuery/phpQuery.php(1113): call_user_func_array('etJsTaskPlaceCa...', Array)
#44 /var/www/iforget/data/www/iforget.ru/includes/phpQuery/phpQuery.php(843): phpQuery::callbackRun('etJsTaskPlaceCa...', Array)
#45 /var/www/iforget/data/www/iforget.ru/includes/gt_functions.php(377): phpQuery::ajax(Array, Object(Zend_Http_Client), true)
#46 [internal function]: etJsTaskPlaceCallback('{"sEcho":"2","i...', 200, Array)
#47 /var/www/iforget/data/www/iforget.ru/includes/phpQuery/phpQuery.php(1113): call_user_func_array('etJsTaskPlaceCa...', Array)
#48 /var/www/iforget/data/www/iforget.ru/includes/phpQuery/phpQuery.php(843): phpQuery::callbackRun('etJsTaskPlaceCa...', Array)
#49 /var/www/iforget/data/www/iforget.ru/includes/gt_functions.php(377): phpQuery::ajax(Array, Object(Zend_Http_Client), true)
#50 [internal function]: etJsTaskPlaceCallback('{"sEcho":"2","i...', 200, Array)
#51 /var/www/iforget/data/www/iforget.ru/includes/phpQuery/phpQuery.php(1113): call_user_func_array('etJsTaskPlaceCa...', Array)
#52 /var/www/iforget/data/www/iforget.ru/includes/phpQuery/phpQuery.php(843): phpQuery::callbackRun('etJsTaskPlaceCa...', Array)
#53 /var/www/iforget/data/www/iforget.ru/includes/gt_functions.php(377): phpQuery::ajax(Array, Object(Zend_Http_Client), true)
#54 [internal function]: etJsTaskPlaceCallback('{"sEcho":"2","i...', 200, Array)
#55 /var/www/iforget/data/www/iforget.ru/includes/phpQuery/phpQuery.php(1113): call_user_func_array('etJsTaskPlaceCa...', Array)
#56 /var/www/iforget/data/www/iforget.ru/includes/phpQuery/phpQuery.php(843): phpQuery::callbackRun('etJsTaskPlaceCa...', Array)
#57 /var/www/iforget/data/www/iforget.ru/includes/gt_functions.php(283): phpQuery::ajax(Array, Object(Zend_Http_Client), true)
#58 [internal function]: locationToTasksPlaceTableDone(Object(phpQueryObject))
#59 /var/www/iforget/data/www/iforget.ru/includes/phpQuery/phpQuery.php(1113): call_user_func_array('locationToTasks...', Array)
#60 /var/www/iforget/data/www/iforget.ru/includes/phpQuery/phpQuery/plugins/WebBrowser.php(83): phpQuery::callbackRun('locationToTasks...', Array)
#61 [internal function]: phpQueryObjectPlugin_WebBrowser::location(Object(phpQueryObject), 'http://www.mira...')
#62 /var/www/iforget/data/www/iforget.ru/includes/phpQuery/phpQuery/phpQueryObject.php(2308): call_user_func_array(Array, Array)
#63 /var/www/iforget/data/www/iforget.ru/includes/gt_functions.php(171): phpQueryObject->__call('location', Array)
#64 /var/www/iforget/data/www/iforget.ru/includes/gt_functions.php(171): phpQueryObject->location('http://www.mira...')
#65 [internal function]: loginTryDone1(Object(phpQueryObject))
#66 /var/www/iforget/data/www/iforget.ru/includes/phpQuery/phpQuery.php(1113): call_user_func_array('loginTryDone1', Array)
#67 /var/www/iforget/data/www/iforget.ru/includes/phpQuery/phpQuery/plugins/WebBrowser.php(317): phpQuery::callbackRun('loginTryDone1', Array)
#68 [internal function]: phpQueryPlugin_WebBrowser::handleSubmit(Object(DOMEvent))
#69 /var/www/iforget/data/www/iforget.ru/includes/phpQuery/phpQuery.php(1113): call_user_func_array(Array, Array)
#70 /var/www/iforget/data/www/iforget.ru/includes/phpQuery/phpQuery/phpQueryEvents.php(73): phpQuery::callbackRun(Array, Array)
#71 /var/www/iforget/data/www/iforget.ru/includes/phpQuery/phpQuery/phpQueryObject.php(1399): phpQueryEvents::trigger('8ca11a86c59b9b0...', 'submit', Array, Object(DOMElement))
#72 /var/www/iforget/data/www/iforget.ru/includes/phpQuery/phpQuery/phpQueryObject.php(1466): phpQueryObject->trigger('submit')
#73 /var/www/iforget/data/www/iforget.ru/includes/gt_functions.php(165): phpQueryObject->submit()
#74 [internal function]: loadMainSuccess1(Object(phpQueryObject))
#75 /var/www/iforget/data/www/iforget.ru/includes/phpQuery/phpQuery.php(1113): call_user_func_array('loadMainSuccess...', Array)
#76 /var/www/iforget/data/www/iforget.ru/includes/phpQuery/phpQuery/plugins/WebBrowser.php(116): phpQuery::callbackRun('loadMainSuccess...', Array, NULL)
#77 [internal function]: phpQueryPlugin_WebBrowser::browserGet('http://www.mira...', 'loadMainSuccess...')
#78 /var/www/iforget/data/www/iforget.ru/includes/phpQuery/phpQuery.php(1333): call_user_func_array(Array, Array)
#79 [internal function]: phpQueryPlugins->__call('browserGet', Array)
#80 [internal function]: phpQueryPlugins->browserGet('http://www.mira...', 'loadMainSuccess...')
#81 /var/www/iforget/data/www/iforget.ru/includes/phpQuery/phpQuery.php(1113): call_user_func_array(Array, Array)
#82 /var/www/iforget/data/www/iforget.ru/includes/phpQuery/phpQuery.php(1191): phpQuery::callbackRun(Array, Array)
#83 /var/www/iforget/data/www/iforget.ru/includes/gt_functions.php(397): phpQuery::browserGet('http://www.mira...', 'loadMainSuccess...')
#84 /var/www/iforget/data/www/iforget.ru/cron/miralinks/get_tasks_431.php(55): getTasks('astraloginez', 'X97VEhwp0')
#85 {main}exception 'Zend_Http_Client_Adapter_Exception' with message 'Unable to Connect to proxy server 91.238.82.253:8080. Error #111: Connection refused' in /var/www/iforget/data/www/iforget.ru/includes/phpQuery/phpQuery/Zend/Http/Client/Adapter/Proxy.php:98
Stack trace:
#0 /var/www/iforget/data/www/iforget.ru/includes/phpQuery/phpQuery/Zend/Http/Client.php(827): Zend_Http_Client_Adapter_Proxy->connect('www.miralinks.r...', 80, false)
#1 /var/www/iforget/data/www/iforget.ru/includes/phpQuery/phpQuery.php(832): Zend_Http_Client->request()
#2 /var/www/iforget/data/www/iforget.ru/includes/phpQuery/phpQuery/plugins/WebBrowser.php(106): phpQuery::ajax(Array)
#3 [internal function]: phpQueryPlugin_WebBrowser::browserGet('http://www.mira...', 'loadMainSuccess...')
#4 /var/www/iforget/data/www/iforget.ru/includes/phpQuery/phpQuery.php(1333): call_user_func_array(Array, Array)
#5 [internal function]: phpQueryPlugins->__call('browserGet', Array)
#6 [internal function]: phpQueryPlugins->browserGet('http://www.mira...', 'loadMainSuccess...')
#7 /var/www/iforget/data/www/iforget.ru/includes/phpQuery/phpQuery.php(1113): call_user_func_array(Array, Array)
#8 /var/www/iforget/data/www/iforget.ru/includes/phpQuery/phpQuery.php(1191): phpQuery::callbackRun(Array, Array)
#9 /var/www/iforget/data/www/iforget.ru/includes/gt_functions.php(399): phpQuery::browserGet('http://www.mira...', 'loadMainSuccess...')
#10 /var/www/iforget/data/www/iforget.ru/cron/miralinks/get_tasks_431.php(55): getTasks('astraloginez', 'X97VEhwp0')
#11 {main}
84 sec.


2014-12-25 14:50:02
IP - 91.215.137.224

110 sec.


2014-12-25 15:50:01
IP - 193.0.129.211
error<br>exception 'Zend_Http_Client_Exception' with message 'Unable to read response, or response is empty' in /var/www/iforget/data/www/iforget.ru/includes/phpQuery/phpQuery/Zend/Http/Client.php:836
Stack trace:
#0 /var/www/iforget/data/www/iforget.ru/includes/phpQuery/phpQuery.php(832): Zend_Http_Client->request()
#1 /var/www/iforget/data/www/iforget.ru/includes/gt_functions.php(377): phpQuery::ajax(Array, Object(Zend_Http_Client), true)
#2 [internal function]: etJsTaskPlaceCallback('{"sEcho":"2","i...', 200, Array)
#3 /var/www/iforget/data/www/iforget.ru/includes/phpQuery/phpQuery.php(1113): call_user_func_array('etJsTaskPlaceCa...', Array)
#4 /var/www/iforget/data/www/iforget.ru/includes/phpQuery/phpQuery.php(843): phpQuery::callbackRun('etJsTaskPlaceCa...', Array)
#5 /var/www/iforget/data/www/iforget.ru/includes/gt_functions.php(377): phpQuery::ajax(Array, Object(Zend_Http_Client), true)
#6 [internal function]: etJsTaskPlaceCallback('{"sEcho":"2","i...', 200, Array)
#7 /var/www/iforget/data/www/iforget.ru/includes/phpQuery/phpQuery.php(1113): call_user_func_array('etJsTaskPlaceCa...', Array)
#8 /var/www/iforget/data/www/iforget.ru/includes/phpQuery/phpQuery.php(843): phpQuery::callbackRun('etJsTaskPlaceCa...', Array)
#9 /var/www/iforget/data/www/iforget.ru/includes/gt_functions.php(377): phpQuery::ajax(Array, Object(Zend_Http_Client), true)
#10 [internal function]: etJsTaskPlaceCallback('{"sEcho":"2","i...', 200, Array)
#11 /var/www/iforget/data/www/iforget.ru/includes/phpQuery/phpQuery.php(1113): call_user_func_array('etJsTaskPlaceCa...', Array)
#12 /var/www/iforget/data/www/iforget.ru/includes/phpQuery/phpQuery.php(843): phpQuery::callbackRun('etJsTaskPlaceCa...', Array)
#13 /var/www/iforget/data/www/iforget.ru/includes/gt_functions.php(377): phpQuery::ajax(Array, Object(Zend_Http_Client), true)
#14 [internal function]: etJsTaskPlaceCallback('{"sEcho":"2","i...', 200, Array)
#15 /var/www/iforget/data/www/iforget.ru/includes/phpQuery/phpQuery.php(1113): call_user_func_array('etJsTaskPlaceCa...', Array)
#16 /var/www/iforget/data/www/iforget.ru/includes/phpQuery/phpQuery.php(843): phpQuery::callbackRun('etJsTaskPlaceCa...', Array)
#17 /var/www/iforget/data/www/iforget.ru/includes/gt_functions.php(377): phpQuery::ajax(Array, Object(Zend_Http_Client), true)
#18 [internal function]: etJsTaskPlaceCallback('{"sEcho":"2","i...', 200, Array)
#19 /var/www/iforget/data/www/iforget.ru/includes/phpQuery/phpQuery.php(1113): call_user_func_array('etJsTaskPlaceCa...', Array)
#20 /var/www/iforget/data/www/iforget.ru/includes/phpQuery/phpQuery.php(843): phpQuery::callbackRun('etJsTaskPlaceCa...', Array)
#21 /var/www/iforget/data/www/iforget.ru/includes/gt_functions.php(377): phpQuery::ajax(Array, Object(Zend_Http_Client), true)
#22 [internal function]: etJsTaskPlaceCallback('{"sEcho":"2","i...', 200, Array)
#23 /var/www/iforget/data/www/iforget.ru/includes/phpQuery/phpQuery.php(1113): call_user_func_array('etJsTaskPlaceCa...', Array)
#24 /var/www/iforget/data/www/iforget.ru/includes/phpQuery/phpQuery.php(843): phpQuery::callbackRun('etJsTaskPlaceCa...', Array)
#25 /var/www/iforget/data/www/iforget.ru/includes/gt_functions.php(377): phpQuery::ajax(Array, Object(Zend_Http_Client), true)
#26 [internal function]: etJsTaskPlaceCallback('{"sEcho":"2","i...', 200, Array)
#27 /var/www/iforget/data/www/iforget.ru/includes/phpQuery/phpQuery.php(1113): call_user_func_array('etJsTaskPlaceCa...', Array)
#28 /var/www/iforget/data/www/iforget.ru/includes/phpQuery/phpQuery.php(843): phpQuery::callbackRun('etJsTaskPlaceCa...', Array)
#29 /var/www/iforget/data/www/iforget.ru/includes/gt_functions.php(377): phpQuery::ajax(Array, Object(Zend_Http_Client), true)
#30 [internal function]: etJsTaskPlaceCallback('{"sEcho":"2","i...', 200, Array)
#31 /var/www/iforget/data/www/iforget.ru/includes/phpQuery/phpQuery.php(1113): call_user_func_array('etJsTaskPlaceCa...', Array)
#32 /var/www/iforget/data/www/iforget.ru/includes/phpQuery/phpQuery.php(843): phpQuery::callbackRun('etJsTaskPlaceCa...', Array)
#33 /var/www/iforget/data/www/iforget.ru/includes/gt_functions.php(377): phpQuery::ajax(Array, Object(Zend_Http_Client), true)
#34 [internal function]: etJsTaskPlaceCallback('{"sEcho":"2","i...', 200, Array)
#35 /var/www/iforget/data/www/iforget.ru/includes/phpQuery/phpQuery.php(1113): call_user_func_array('etJsTaskPlaceCa...', Array)
#36 /var/www/iforget/data/www/iforget.ru/includes/phpQuery/phpQuery.php(843): phpQuery::callbackRun('etJsTaskPlaceCa...', Array)
#37 /var/www/iforget/data/www/iforget.ru/includes/gt_functions.php(377): phpQuery::ajax(Array, Object(Zend_Http_Client), true)
#38 [internal function]: etJsTaskPlaceCallback('{"sEcho":"2","i...', 200, Array)
#39 /var/www/iforget/data/www/iforget.ru/includes/phpQuery/phpQuery.php(1113): call_user_func_array('etJsTaskPlaceCa...', Array)
#40 /var/www/iforget/data/www/iforget.ru/includes/phpQuery/phpQuery.php(843): phpQuery::callbackRun('etJsTaskPlaceCa...', Array)
#41 /var/www/iforget/data/www/iforget.ru/includes/gt_functions.php(377): phpQuery::ajax(Array, Object(Zend_Http_Client), true)
#42 [internal function]: etJsTaskPlaceCallback('{"sEcho":"2","i...', 200, Array)
#43 /var/www/iforget/data/www/iforget.ru/includes/phpQuery/phpQuery.php(1113): call_user_func_array('etJsTaskPlaceCa...', Array)
#44 /var/www/iforget/data/www/iforget.ru/includes/phpQuery/phpQuery.php(843): phpQuery::callbackRun('etJsTaskPlaceCa...', Array)
#45 /var/www/iforget/data/www/iforget.ru/includes/gt_functions.php(377): phpQuery::ajax(Array, Object(Zend_Http_Client), true)
#46 [internal function]: etJsTaskPlaceCallback('{"sEcho":"2","i...', 200, Array)
#47 /var/www/iforget/data/www/iforget.ru/includes/phpQuery/phpQuery.php(1113): call_user_func_array('etJsTaskPlaceCa...', Array)
#48 /var/www/iforget/data/www/iforget.ru/includes/phpQuery/phpQuery.php(843): phpQuery::callbackRun('etJsTaskPlaceCa...', Array)
#49 /var/www/iforget/data/www/iforget.ru/includes/gt_functions.php(377): phpQuery::ajax(Array, Object(Zend_Http_Client), true)
#50 [internal function]: etJsTaskPlaceCallback('{"sEcho":"2","i...', 200, Array)
#51 /var/www/iforget/data/www/iforget.ru/includes/phpQuery/phpQuery.php(1113): call_user_func_array('etJsTaskPlaceCa...', Array)
#52 /var/www/iforget/data/www/iforget.ru/includes/phpQuery/phpQuery.php(843): phpQuery::callbackRun('etJsTaskPlaceCa...', Array)
#53 /var/www/iforget/data/www/iforget.ru/includes/gt_functions.php(377): phpQuery::ajax(Array, Object(Zend_Http_Client), true)
#54 [internal function]: etJsTaskPlaceCallback('{"sEcho":"2","i...', 200, Array)
#55 /var/www/iforget/data/www/iforget.ru/includes/phpQuery/phpQuery.php(1113): call_user_func_array('etJsTaskPlaceCa...', Array)
#56 /var/www/iforget/data/www/iforget.ru/includes/phpQuery/phpQuery.php(843): phpQuery::callbackRun('etJsTaskPlaceCa...', Array)
#57 /var/www/iforget/data/www/iforget.ru/includes/gt_functions.php(377): phpQuery::ajax(Array, Object(Zend_Http_Client), true)
#58 [internal function]: etJsTaskPlaceCallback('{"sEcho":"2","i...', 200, Array)
#59 /var/www/iforget/data/www/iforget.ru/includes/phpQuery/phpQuery.php(1113): call_user_func_array('etJsTaskPlaceCa...', Array)
#60 /var/www/iforget/data/www/iforget.ru/includes/phpQuery/phpQuery.php(843): phpQuery::callbackRun('etJsTaskPlaceCa...', Array)
#61 /var/www/iforget/data/www/iforget.ru/includes/gt_functions.php(377): phpQuery::ajax(Array, Object(Zend_Http_Client), true)
#62 [internal function]: etJsTaskPlaceCallback('{"sEcho":"2","i...', 200, Array)
#63 /var/www/iforget/data/www/iforget.ru/includes/phpQuery/phpQuery.php(1113): call_user_func_array('etJsTaskPlaceCa...', Array)
#64 /var/www/iforget/data/www/iforget.ru/includes/phpQuery/phpQuery.php(843): phpQuery::callbackRun('etJsTaskPlaceCa...', Array)
#65 /var/www/iforget/data/www/iforget.ru/includes/gt_functions.php(377): phpQuery::ajax(Array, Object(Zend_Http_Client), true)
#66 [internal function]: etJsTaskPlaceCallback('{"sEcho":"2","i...', 200, Array)
#67 /var/www/iforget/data/www/iforget.ru/includes/phpQuery/phpQuery.php(1113): call_user_func_array('etJsTaskPlaceCa...', Array)
#68 /var/www/iforget/data/www/iforget.ru/includes/phpQuery/phpQuery.php(843): phpQuery::callbackRun('etJsTaskPlaceCa...', Array)
#69 /var/www/iforget/data/www/iforget.ru/includes/gt_functions.php(377): phpQuery::ajax(Array, Object(Zend_Http_Client), true)
#70 [internal function]: etJsTaskPlaceCallback('{"sEcho":"2","i...', 200, Array)
#71 /var/www/iforget/data/www/iforget.ru/includes/phpQuery/phpQuery.php(1113): call_user_func_array('etJsTaskPlaceCa...', Array)
#72 /var/www/iforget/data/www/iforget.ru/includes/phpQuery/phpQuery.php(843): phpQuery::callbackRun('etJsTaskPlaceCa...', Array)
#73 /var/www/iforget/data/www/iforget.ru/includes/gt_functions.php(377): phpQuery::ajax(Array, Object(Zend_Http_Client), true)
#74 [internal function]: etJsTaskPlaceCallback('{"sEcho":"2","i...', 200, Array)
#75 /var/www/iforget/data/www/iforget.ru/includes/phpQuery/phpQuery.php(1113): call_user_func_array('etJsTaskPlaceCa...', Array)
#76 /var/www/iforget/data/www/iforget.ru/includes/phpQuery/phpQuery.php(843): phpQuery::callbackRun('etJsTaskPlaceCa...', Array)
#77 /var/www/iforget/data/www/iforget.ru/includes/gt_functions.php(377): phpQuery::ajax(Array, Object(Zend_Http_Client), true)
#78 [internal function]: etJsTaskPlaceCallback('{"sEcho":"2","i...', 200, Array)
#79 /var/www/iforget/data/www/iforget.ru/includes/phpQuery/phpQuery.php(1113): call_user_func_array('etJsTaskPlaceCa...', Array)
#80 /var/www/iforget/data/www/iforget.ru/includes/phpQuery/phpQuery.php(843): phpQuery::callbackRun('etJsTaskPlaceCa...', Array)
#81 /var/www/iforget/data/www/iforget.ru/includes/gt_functions.php(283): phpQuery::ajax(Array, Object(Zend_Http_Client), true)
#82 [internal function]: locationToTasksPlaceTableDone(Object(phpQueryObject))
#83 /var/www/iforget/data/www/iforget.ru/includes/phpQuery/phpQuery.php(1113): call_user_func_array('locationToTasks...', Array)
#84 /var/www/iforget/data/www/iforget.ru/includes/phpQuery/phpQuery/plugins/WebBrowser.php(83): phpQuery::callbackRun('locationToTasks...', Array)
#85 [internal function]: phpQueryObjectPlugin_WebBrowser::location(Object(phpQueryObject), 'http://www.mira...')
#86 /var/www/iforget/data/www/iforget.ru/includes/phpQuery/phpQuery/phpQueryObject.php(2308): call_user_func_array(Array, Array)
#87 /var/www/iforget/data/www/iforget.ru/includes/gt_functions.php(171): phpQueryObject->__call('location', Array)
#88 /var/www/iforget/data/www/iforget.ru/includes/gt_functions.php(171): phpQueryObject->location('http://www.mira...')
#89 [internal function]: loginTryDone1(Object(phpQueryObject))
#90 /var/www/iforget/data/www/iforget.ru/includes/phpQuery/phpQuery.php(1113): call_user_func_array('loginTryDone1', Array)
#91 /var/www/iforget/data/www/iforget.ru/includes/phpQuery/phpQuery/plugins/WebBrowser.php(317): phpQuery::callbackRun('loginTryDone1', Array)
#92 [internal function]: phpQueryPlugin_WebBrowser::handleSubmit(Object(DOMEvent))
#93 /var/www/iforget/data/www/iforget.ru/includes/phpQuery/phpQuery.php(1113): call_user_func_array(Array, Array)
#94 /var/www/iforget/data/www/iforget.ru/includes/phpQuery/phpQuery/phpQueryEvents.php(73): phpQuery::callbackRun(Array, Array)
#95 /var/www/iforget/data/www/iforget.ru/includes/phpQuery/phpQuery/phpQueryObject.php(1399): phpQueryEvents::trigger('9c414dd890810fe...', 'submit', Array, Object(DOMElement))
#96 /var/www/iforget/data/www/iforget.ru/includes/phpQuery/phpQuery/phpQueryObject.php(1466): phpQueryObject->trigger('submit')
#97 /var/www/iforget/data/www/iforget.ru/includes/gt_functions.php(165): phpQueryObject->submit()
#98 [internal function]: loadMainSuccess1(Object(phpQueryObject))
#99 /var/www/iforget/data/www/iforget.ru/includes/phpQuery/phpQuery.php(1113): call_user_func_array('loadMainSuccess...', Array)
#100 /var/www/iforget/data/www/iforget.ru/includes/phpQuery/phpQuery/plugins/WebBrowser.php(116): phpQuery::callbackRun('loadMainSuccess...', Array, NULL)
#101 [internal function]: phpQueryPlugin_WebBrowser::browserGet('http://www.mira...', 'loadMainSuccess...')
#102 /var/www/iforget/data/www/iforget.ru/includes/phpQuery/phpQuery.php(1333): call_user_func_array(Array, Array)
#103 [internal function]: phpQueryPlugins->__call('browserGet', Array)
#104 [internal function]: phpQueryPlugins->browserGet('http://www.mira...', 'loadMainSuccess...')
#105 /var/www/iforget/data/www/iforget.ru/includes/phpQuery/phpQuery.php(1113): call_user_func_array(Array, Array)
#106 /var/www/iforget/data/www/iforget.ru/includes/phpQuery/phpQuery.php(1191): phpQuery::callbackRun(Array, Array)
#107 /var/www/iforget/data/www/iforget.ru/includes/gt_functions.php(397): phpQuery::browserGet('http://www.mira...', 'loadMainSuccess...')
#108 /var/www/iforget/data/www/iforget.ru/cron/miralinks/get_tasks_431.php(55): getTasks('astraloginez', 'X97VEhwp0')
#109 {main}exception 'Zend_Http_Client_Adapter_Exception' with message 'Unable to Connect to proxy server 193.0.129.211:8080. Error #111: Connection refused' in /var/www/iforget/data/www/iforget.ru/includes/phpQuery/phpQuery/Zend/Http/Client/Adapter/Proxy.php:98
Stack trace:
#0 /var/www/iforget/data/www/iforget.ru/includes/phpQuery/phpQuery/Zend/Http/Client.php(827): Zend_Http_Client_Adapter_Proxy->connect('www.miralinks.r...', 80, false)
#1 /var/www/iforget/data/www/iforget.ru/includes/phpQuery/phpQuery.php(832): Zend_Http_Client->request()
#2 /var/www/iforget/data/www/iforget.ru/includes/phpQuery/phpQuery/plugins/WebBrowser.php(106): phpQuery::ajax(Array)
#3 [internal function]: phpQueryPlugin_WebBrowser::browserGet('http://www.mira...', 'loadMainSuccess...')
#4 /var/www/iforget/data/www/iforget.ru/includes/phpQuery/phpQuery.php(1333): call_user_func_array(Array, Array)
#5 [internal function]: phpQueryPlugins->__call('browserGet', Array)
#6 [internal function]: phpQueryPlugins->browserGet('http://www.mira...', 'loadMainSuccess...')
#7 /var/www/iforget/data/www/iforget.ru/includes/phpQuery/phpQuery.php(1113): call_user_func_array(Array, Array)
#8 /var/www/iforget/data/www/iforget.ru/includes/phpQuery/phpQuery.php(1191): phpQuery::callbackRun(Array, Array)
#9 /var/www/iforget/data/www/iforget.ru/includes/gt_functions.php(399): phpQuery::browserGet('http://www.mira...', 'loadMainSuccess...')
#10 /var/www/iforget/data/www/iforget.ru/cron/miralinks/get_tasks_431.php(55): getTasks('astraloginez', 'X97VEhwp0')
#11 {main}
85 sec.

