2016-02-25 22:00:14
Send -> romer(revgenich@yandex.ua)
Send -> Эль Мория(paxan.ss@gmail.com)
Send -> Friz(frizyt@mail.ru)
Send -> diegosimeone(raichel.ivan@yandex.ru)
Send -> Limanec(Limanec.j@yandex.ru)

2016-02-26 22:00:01

2016-02-27 22:00:01

2016-02-28 22:00:03
Send -> teploventspb(avventa@yandex.ru)

2016-02-29 22:00:02

2016-03-01 22:00:01

2016-03-02 22:00:03
Send -> Ivanovna(volli1505@yadex.ru)

2016-03-03 22:00:02

2016-03-04 22:00:02

2016-03-05 22:00:02

2016-03-06 22:00:03
Send -> romer(revgenich@yandex.ua)

2016-03-07 22:00:03
Send -> letonamore(letonamore69@gmail.com)

2016-03-08 22:00:02

2016-03-09 22:00:01

2016-03-10 22:00:02

